This is pdfTeXk, Version 3.141592-1.40.3 (Web2C 7.5.6) (format=pdfetex 2009.11.14)  15 FEB 2010 16:34
entering extended mode
 file:line:error style messages enabled.
 %&-line parsing enabled.
**./cinv.texi
(./cinv.texi (/usr/share/texmf/tex/texinfo/texinfo.tex
Loading texinfo [version 2008-04-18.10]:
\bindingoffset=\dimen16
\normaloffset=\dimen17
\pagewidth=\dimen18
\pageheight=\dimen19
\outerhsize=\dimen20
\outervsize=\dimen21
\cornerlong=\dimen22
\cornerthick=\dimen23
\topandbottommargin=\dimen24
\headlinebox=\box16
\footlinebox=\box17
\margin=\insert252
\EMsimple=\toks13
\groupbox=\box18
\groupinvalidhelp=\toks14
\mil=\dimen25
\exdentamount=\skip18
\inmarginspacing=\skip19
 pdf,
\tempnum=\count27
\lnkcount=\count28
\filename=\toks15
\filenamelength=\count29
\pgn=\count30
\toksA=\toks16
\toksB=\toks17
\toksC=\toks18
\toksD=\toks19
\boxA=\box19
\countA=\count31
\nopdfimagehelp=\toks20
 fonts,
\sffam=\fam8
\textleading=\dimen26
\fontdepth=\count32
 page headings,
\titlepagetopglue=\skip20
\titlepagebottomglue=\skip21
\evenheadline=\toks21
\oddheadline=\toks22
\evenfootline=\toks23
\oddfootline=\toks24
 tables,
\tableindent=\dimen27
\itemindent=\dimen28
\itemmargin=\dimen29
\itemmax=\dimen30
\itemno=\count33
\multitableparskip=\skip22
\multitableparindent=\skip23
\multitablecolspace=\dimen31
\multitablelinespace=\skip24
\colcount=\count34
\everytab=\toks25

conditionals,
\doignorecount=\count35
 indexing,
\whatsitskip=\skip25
\whatsitpenalty=\count36
\secondaryindent=\skip26
\partialpage=\box20
\doublecolumnhsize=\dimen32
 sectioning,
\unnumberedno=\count37
\chapno=\count38
\secno=\count39
\subsecno=\count40
\subsubsecno=\count41
\appendixno=\count42
\absseclevel=\count43
\secbase=\count44
\chapheadingskip=\skip27
\secheadingskip=\skip28
\subsecheadingskip=\skip29
 toc,
\tocfile=\write0
\contentsrightmargin=\skip30
\savepageno=\count45
\lastnegativepageno=\count46
\tocindent=\dimen33
 environments,
\errorbox=\box21
\lispnarrowing=\skip31
\envskipamount=\skip32
\circthick=\dimen34
\cartouter=\dimen35
\cartinner=\dimen36
\normbskip=\skip33
\normpskip=\skip34
\normlskip=\skip35
\lskip=\skip36
\rskip=\skip37
\tabw=\dimen37
 defuns,
\defbodyindent=\skip38
\defargsindent=\skip39
\deflastargmargin=\skip40
\defunpenalty=\count47
\parencount=\count48
\brackcount=\count49
 macros,
\paramno=\count50
\macname=\toks26

cross references,
\auxfile=\write1
\savesfregister=\count51
 insertions,
\footnoteno=\count52
\SAVEfootins=\box22
\SAVEmargin=\box23
 (/usr/share/texmf/tex/generic/epsf/epsf.tex
This is `epsf.tex' v2.7.3 <23 July 2005>
\epsffilein=\read1
\epsfframemargin=\dimen38
\epsfframethickness=\dimen39
\epsfrsize=\dimen40
\epsftmp=\dimen41
\epsftsize=\dimen42
\epsfxsize=\dimen43
\epsfysize=\dimen44
\pspoints=\dimen45
)
\noepsfhelp=\toks27
 localization,
\nolanghelp=\toks28
\countUTFx=\count53
\countUTFy=\count54
\countUTFz=\count55
 formatting,
\defaultparindent=\dimen46
 and turning on texinfo input format.) (./cinv.aux)
\openout1 = `cinv.aux'.

@cpindfile=@write2
@fnindfile=@write3
@vrindfile=@write4
@tpindfile=@write5
@kyindfile=@write6
@pgindfile=@write7

[1
\openout2 = `cinv.cp'.

\openout3 = `cinv.fn'.

\openout4 = `cinv.vr'.

\openout5 = `cinv.tp'.

\openout6 = `cinv.ky'.

\openout7 = `cinv.pg'.

{/usr/share/texmf/fonts/map/pdftex/updmap/pdftex.map}] (./cinv.toc) [-1]
(./cinv.toc) (./cinv.toc) Chapter 1
\openout0 = `cinv.toc'.

 (./lgpl.texi [1] [2] [3] [4] [5] [6]
[7]) Chapter 2 [8] (../samples/src/intlist.h) [9] [10]
Underfull \hbox (badness 2165) in paragraph at lines 275--278
 @textttsl UCONS[]@textrm the do-main of uni-ver-sally con-strained heap seg-me
nts; this do-main is

@hbox(7.60416+2.12917)x455.24408, glue set 2.78825
.@glue(@leftskip) 79.49742
.@penalty 10000
.@kern -57.81621
.@textttsl U
.@textttsl C
.etc.

[11] Chapter 3 [12] (../samples/samples.texi (../samples/src/intlist-fstNot0.c)
(../samples/src/intlist-fstNot0.spl) (../samples/src/intlist-getMax.c)
(../samples/src/intlist-getMax.spl) [13] (../samples/src/intlist-sentinel.c)
(../samples/src/intlist-sentinel.spl) [14]
Overfull \hbox (15.37692pt too wide) in paragraph at lines 164--164
  @smallrm Anon=(0,1), P11, m=2[] 

@hbox(6.75+2.25)x91.04742, glue set - 1.0
.@glue(@leftskip) 12.0
.@penalty 10000
.@glue 3.08331 plus 1.54166 minus 1.02777
.@smallrm A
.@smallrm n
.etc.

(../samples/src/intlist-equal.c) (../samples/src/intlist-equal.spl) [15]
(../samples/src/intlist-sum.c) (../samples/src/intlist-sum.spl) [16]
(../samples/src/intlist-initMod2.c) (../samples/src/intlist-initMod2.spl)
[17]
Overfull \hbox (21.52011pt too wide) in paragraph at lines 320--320
 []$@smalli x@smallrm (@smalli n@smallrm 1)  @keysy ^  @smalli xi@smallrm (@sma
lli n@smallrm 2)  @keysy ^  @smalli d@smallrm (@smalli n@smallrm 1) = 0  @keysy
 ^  @smallrm 0 @keysy ^^T  @smalli k @keysy ^^T  @smallrm 1  @keysy ^  8 @small
i y@smallrm 1  @smalli <[]  y@smallrm 2  @smalli <[]  y@smallrm 3  @keysy 2  @s
malli n@smallrm 1  @keysy )  @smalli d@smallrm (@smalli y@smallrm 1) +

@hbox(6.75+2.25)x318.66946, glue set - 1.0
.@glue(@leftskip) 12.0
.@hbox(0.0+0.0)x6.0
.@mathon
.@smalli x
.@smallrm (
.etc.

(../samples/src/intlist-initN.c) (../samples/src/intlist-initN.spl) [18]
(../samples/src/intlist-init2N.c) (../samples/src/intlist-init2N.spl) [19]
(../samples/src/intlist-initSeq.c) (../samples/src/intlist-initSeq.spl)
[20] (../samples/src/intlist-initFibo.c) (../samples/src/intlist-initFibo.spl)
[21] (../samples/src/intlist-pInit.c) (../samples/src/intlist-pInit.spl)
[22] (../samples/src/intlist-initSum.c) (../samples/src/intlist-initSum.spl
Overfull \hbox (86.77444pt too wide) in paragraph at lines 3--3
 [][] 

@hbox(5.49998+2.0)x227.62204
.@glue(@leftskip) 12.0
.@hbox(0.0+0.0)x0.0
.@hbox(5.49998+2.0)x302.39648
..@penalty 10000
..@glue 4.72495
..@penalty 10000
..@glue 4.72495
..@penalty 10000
..etc.
.@penalty 10000
.@glue(@parfillskip) 0.0 plus 1.0fil
.etc.


Overfull \hbox (20.62521pt too wide) in paragraph at lines 7--7
 [][] 

@hbox(5.49998+2.0)x227.62204
.@glue(@leftskip) 12.0
.@hbox(0.0+0.0)x0.0
.@hbox(5.49998+2.0)x236.24725
..@penalty 10000
..@glue 4.72495
..@penalty 10000
..@glue 4.72495
..@smalltt x
..etc.
.@penalty 10000
.@glue(@parfillskip) 0.0 plus 1.0fil
.etc.

) [23] (../samples/src/intlist-copy-eq.c) (../samples/src/intlist-copy-eq.spl)
[24] (../samples/src/intlist-copy-neq.c) (../samples/src/intlist-copy-neq.spl)
[25] (../samples/src/intlist-copy-neq-err.c)
(../samples/src/intlist-copy-neq-err.spl) [26] (../samples/src/intlist-add2.c)
(../samples/src/intlist-add2.spl) [27] (../samples/src/intlist-add2copy-eq.c)
(../samples/src/intlist-add2copy-eq.spl) [28]
(../samples/src/intlist-add2copy-neq.c)
(../samples/src/intlist-add2copy-neq.spl
Overfull \hbox (44.24994pt too wide) in paragraph at lines 3--3
 [][] 

@hbox(5.49998+2.0)x227.62204
.@glue(@leftskip) 12.0
.@hbox(0.0+0.0)x0.0
.@hbox(5.49998+2.0)x259.87198
..@penalty 10000
..@glue 4.72495
..@penalty 10000
..@glue 4.72495
..@penalty 10000
..etc.
.@penalty 10000
.@glue(@parfillskip) 0.0 plus 1.0fil
.etc.


Overfull \hbox (15.90027pt too wide) in paragraph at lines 7--7
 [][] 

@hbox(5.49998+2.0)x227.62204
.@glue(@leftskip) 12.0
.@hbox(0.0+0.0)x0.0
.@hbox(5.49998+2.0)x231.52231
..@penalty 10000
..@glue 4.72495
..@penalty 10000
..@glue 4.72495
..@smalltt x
..etc.
.@penalty 10000
.@glue(@parfillskip) 0.0 plus 1.0fil
.etc.

) [29] (../samples/src/intlist-setFlag.c) (../samples/src/intlist-setFlag.spl)
(../samples/src/intlist-insertSortArr.c)
(../samples/src/intlist-insertSortArr.spl) [30]
(../samples/src/intlist-bubbleSortArr.c)
(../samples/src/intlist-bubbleSortArr.spl) [31]
(../samples/src/intlist-newCopy.c) (../samples/src/intlist-newCopy.spl)
[32] (../samples/src/intlist-add2new.c) (../samples/src/intlist-add2new.spl)
[33] (../samples/src/intlist-copyAllGeV.c)
(../samples/src/intlist-copyAllGeV.spl) [34] [35]
(../samples/src/intlist-delAllGeV.c) (../samples/src/intlist-delAllGeV.spl)
[36] (../samples/src/intlist-insertSortLst.c)
(../samples/src/intlist-insertSortLst.spl
Overfull \hbox (44.24994pt too wide) in paragraph at lines 3--3
 [][] 

@hbox(5.49998+2.0)x227.62204
.@glue(@leftskip) 12.0
.@hbox(0.0+0.0)x0.0
.@hbox(5.49998+2.0)x259.87198
..@penalty 10000
..@glue 4.72495
..@penalty 10000
..@glue 4.72495
..@penalty 10000
..etc.
.@penalty 10000
.@glue(@parfillskip) 0.0 plus 1.0fil
.etc.

) [37] [38] (../samples/src/intlist-dispatch.c)
(../samples/src/intlist-dispatch.spl
Overfull \hbox (58.42477pt too wide) in paragraph at lines 3--3
 [][] 

@hbox(5.49998+2.0)x227.62204
.@glue(@leftskip) 12.0
.@hbox(0.0+0.0)x0.0
.@hbox(5.49998+2.0)x274.04681
..@penalty 10000
..@glue 4.72495
..@penalty 10000
..@glue 4.72495
..@penalty 10000
..etc.
.@penalty 10000
.@glue(@parfillskip) 0.0 plus 1.0fil
.etc.


Overfull \hbox (82.0495pt too wide) in paragraph at lines 7--7
 [][] 

@hbox(5.49998+2.0)x227.62204
.@glue(@leftskip) 12.0
.@hbox(0.0+0.0)x0.0
.@hbox(5.49998+2.0)x297.67154
..@penalty 10000
..@glue 4.72495
..@penalty 10000
..@glue 4.72495
..@smalltt x
..etc.
.@penalty 10000
.@glue(@parfillskip) 0.0 plus 1.0fil
.etc.

)
Overfull \hbox (40.79337pt too wide) in paragraph at lines 1344--1344
 []$@smalli x@smallrm (@smalli null@smallrm )  @keysy ^  @smalli y@smallrm (@sm
alli n@smallrm 1)  @keysy ^  @smalli z@smallrm (@smalli n@smallrm 2)  @keysy ^ 
 @smalli l @smallrm = @smalli l@smallrm [@smalli n@smallrm 1] + @smalli l@small
rm [@smalli n@smallrm 2]  @keysy ^  @smalli l@smallrm [@smalli n@smallrm 1] @ke
ysy ^^U  @smallrm 1 @smalli and l@smallrm [@smalli n@smallrm 2] @keysy ^^U  @sm
allrm 1  @keysy ^  @smalli v @keysy ^^U  @smalli d@smallrm (@smalli n@smallrm 2
)  @keysy ^  @smalli v @smallrm +

@hbox(6.75+2.25)x318.66946, glue set - 1.0
.@glue(@leftskip) 12.0
.@hbox(0.0+0.0)x6.0
.@mathon
.@smalli x
.@smallrm (
.etc.


Overfull \hbox (289.07953pt too wide) in paragraph at lines 1349--1349
 []$@smalli x@smallrm (@smalli null@smallrm )  @keysy ^  @smalli y@smallrm (@sm
alli n@smallrm 1)  @keysy ^  @smalli z@smallrm (@smalli n@smallrm 2)  @keysy ^ 
 @smalli l @smallrm = @smalli l@smallrm [@smalli n@smallrm 1] + @smalli l@small
rm [@smalli n@smallrm 2]  @keysy ^  @smalli l@smallrm [@smalli n@smallrm 1] @ke
ysy ^^U  @smallrm 1 @smalli and l@smallrm [@smalli n@smallrm 2] @keysy ^^U  @sm
allrm 1  @keysy ^  @smalli v @keysy ^^U  @smalli d@smallrm (@smalli n@smallrm 2
)  @keysy ^  @smallrm 6 @keysy ^^T  @smalli d@smallrm (@smalli n@smallrm 1)  @k
eysy ^  8 @smalli y@smallrm 1 @keysy 2  @smalli n@smallrm 1  @keysy )  @smalli 
d@smallrm (@smalli y@smallrm 1) @keysy ^^U  @smallrm 6  @keysy ^  8 @smalli y@s
mallrm 1 @keysy 2  @smalli n@smallrm 2  @keysy )  @smalli d@smallrm (@smalli y@
smallrm 1) @keysy ^^T  @smallrm 5$[] 

@hbox(6.75+2.25)x318.66946, glue set - 1.0
.@glue(@leftskip) 12.0
.@hbox(0.0+0.0)x6.0
.@mathon
.@smalli x
.@smallrm (
.etc.

[39] (../samples/src/intlist-copyRev.c) (../samples/src/intlist-copyRev.spl)
[40]) [41] ) 
Here is how much of TeX's memory you used:
 2077 strings out of 259301
 28300 string characters out of 1958499
 66685 words of memory out of 1500000
 2934 multiletter control sequences out of 10000+200000
 32127 words of font info for 112 fonts, out of 1200000 for 2000
 51 hyphenation exceptions out of 8191
 15i,6n,18p,329b,426s stack positions out of 5000i,500n,6000p,200000b,15000s
</usr/share/texmf/fonts/type1/bluesky/cm/cmb10.pfb></usr/share/texm
f/fonts/type1/bluesky/cm/cmbx12.pfb></usr/share/texmf/fonts/type1/bluesky/cm/cm
mi10.pfb></usr/share/texmf/fonts/type1/bluesky/cm/cmmi12.pfb></usr/share/texmf/
fonts/type1/bluesky/cm/cmmi7.pfb></usr/share/texmf/fonts/type1/bluesky/cm/cmmi9
.pfb></usr/share/texmf/fonts/type1/bluesky/cm/cmr10.pfb></usr/share/texmf/fonts
/type1/bluesky/cm/cmr7.pfb></usr/share/texmf/fonts/type1/bluesky/cm/cmr9.pfb></
usr/share/texmf/fonts/type1/bluesky/cm/cmsl10.pfb></usr/share/texmf/fonts/type1
/bluesky/cm/cmsltt10.pfb></usr/share/texmf/fonts/type1/bluesky/cm/cmsy10.pfb></
usr/share/texmf/fonts/type1/bluesky/cm/cmsy9.pfb></usr/share/texmf/fonts/type1/
bluesky/cm/cmti10.pfb></usr/share/texmf/fonts/type1/bluesky/cm/cmtt10.pfb></usr
/share/texmf/fonts/type1/bluesky/cm/cmtt9.pfb>
Output written on cinv.pdf (43 pages, 276910 bytes).
PDF statistics:
 603 PDF objects out of 1000 (max. 8388607)
 83 named destinations out of 1000 (max. 131072)
 333 words of extra memory for PDF output out of 10000 (max. 10000000)

