This file contains any messages produced by compilers while
running configure, to aid debugging if configure makes a mistake.

It was created by "Cinv" configure 0.1, which was
generated by GNU Autoconf 2.63.  Invocation command line was

  $ ./configure 

## --------- ##
## Platform. ##
## --------- ##

hostname = calcul.liafa.jussieu.fr
uname -m = i686
uname -r = 2.6.27.37-170.2.104.fc10.i686.PAE
uname -s = Linux
uname -v = #1 SMP Mon Oct 12 21:53:08 EDT 2009

/usr/bin/uname -p = unknown
/bin/uname -X     = unknown

/bin/arch              = i686
/usr/bin/arch -k       = unknown
/usr/convex/getsysinfo = unknown
/usr/bin/hostinfo      = unknown
/bin/machine           = unknown
/usr/bin/oslevel       = unknown
/bin/universe          = unknown

PATH: /usr/lib/qt-3.3/bin
PATH: /usr/kerberos/bin
PATH: /usr/local/bin
PATH: /bin
PATH: /usr/bin
PATH: /usr/local/sbin
PATH: /usr/sbin
PATH: /sbin
PATH: /Applications/Spin4.2.7/Src4.2.7
PATH: /Applications/Spin4.2.7/Xspin4.2
PATH: /Users/sighirea/Parallelisme/tools-other/why-2.04/bin
PATH: /home/verif/sighirea/bin


## ----------- ##
## Core tests. ##
## ----------- ##

configure:2133: checking build system type
configure:2151: result: i686-pc-linux-gnu
configure:2173: checking host system type
configure:2188: result: i686-pc-linux-gnu
configure:2258: checking for gcc
configure:2274: found /usr/bin/gcc
configure:2285: result: gcc
configure:2517: checking for C compiler version
configure:2525: gcc --version >&5
gcc (GCC) 4.3.2 20081105 (Red Hat 4.3.2-7)
Copyright (C) 2008 Free Software Foundation, Inc.
This is free software; see the source for copying conditions.  There is NO
warranty; not even for MERCHANTABILITY or FITNESS FOR A PARTICULAR PURPOSE.

configure:2529: $? = 0
configure:2536: gcc -v >&5
Using built-in specs.
Target: i386-redhat-linux
Configured with: ../configure --prefix=/usr --mandir=/usr/share/man --infodir=/usr/share/info --with-bugurl=http://bugzilla.redhat.com/bugzilla --enable-bootstrap --enable-shared --enable-threads=posix --enable-checking=release --with-system-zlib --enable-__cxa_atexit --disable-libunwind-exceptions --enable-languages=c,c++,objc,obj-c++,java,fortran,ada --enable-java-awt=gtk --disable-dssi --enable-plugin --with-java-home=/usr/lib/jvm/java-1.5.0-gcj-1.5.0.0/jre --enable-libgcj-multifile --enable-java-maintainer-mode --with-ecj-jar=/usr/share/java/eclipse-ecj.jar --disable-libjava-multilib --with-cpu=generic --build=i386-redhat-linux
Thread model: posix
gcc version 4.3.2 20081105 (Red Hat 4.3.2-7) (GCC) 
configure:2540: $? = 0
configure:2547: gcc -V >&5
gcc: '-V' option must have argument
configure:2551: $? = 1
configure:2574: checking for C compiler default output file name
configure:2596: gcc    conftest.c  >&5
configure:2600: $? = 0
configure:2638: result: a.out
configure:2657: checking whether the C compiler works
configure:2667: ./a.out
configure:2671: $? = 0
configure:2690: result: yes
configure:2697: checking whether we are cross compiling
configure:2699: result: no
configure:2702: checking for suffix of executables
configure:2709: gcc -o conftest    conftest.c  >&5
configure:2713: $? = 0
configure:2739: result: 
configure:2745: checking for suffix of object files
configure:2771: gcc -c   conftest.c >&5
configure:2775: $? = 0
configure:2800: result: o
configure:2804: checking whether we are using the GNU C compiler
configure:2833: gcc -c   conftest.c >&5
configure:2840: $? = 0
configure:2857: result: yes
configure:2866: checking whether gcc accepts -g
configure:2896: gcc -c -g  conftest.c >&5
configure:2903: $? = 0
configure:3004: result: yes
configure:3021: checking for gcc option to accept ISO C89
configure:3095: gcc  -c -g -O2  conftest.c >&5
configure:3102: $? = 0
configure:3125: result: none needed
configure:3143: checking for a sed that does not truncate output
configure:3199: result: /bin/sed
configure:3202: checking for grep that handles long lines and -e
configure:3262: result: /bin/grep
configure:3267: checking for egrep
configure:3331: result: /bin/grep -E
configure:3347: checking for ld used by gcc
configure:3414: result: /usr/bin/ld
configure:3423: checking if the linker (/usr/bin/ld) is GNU ld
configure:3438: result: yes
configure:3443: checking for /usr/bin/ld option to reload object files
configure:3450: result: -r
configure:3468: checking for BSD-compatible nm
configure:3517: result: /usr/bin/nm -B
configure:3521: checking whether ln -s works
configure:3525: result: yes
configure:3532: checking how to recognise dependent libraries
configure:3708: result: pass_all
configure:3946: checking how to run the C preprocessor
configure:3986: gcc -E  conftest.c
configure:3993: $? = 0
configure:4024: gcc -E  conftest.c
conftest.c:8:28: error: ac_nonexistent.h: No such file or directory
configure:4031: $? = 1
configure: failed program was:
| /* confdefs.h.  */
| #define PACKAGE_NAME ""Cinv""
| #define PACKAGE_TARNAME "-cinv-"
| #define PACKAGE_VERSION "0.1"
| #define PACKAGE_STRING ""Cinv" 0.1"
| #define PACKAGE_BUGREPORT "verif@liafa.jussieu.fr"
| /* end confdefs.h.  */
| #include <ac_nonexistent.h>
configure:4064: result: gcc -E
configure:4093: gcc -E  conftest.c
configure:4100: $? = 0
configure:4131: gcc -E  conftest.c
conftest.c:8:28: error: ac_nonexistent.h: No such file or directory
configure:4138: $? = 1
configure: failed program was:
| /* confdefs.h.  */
| #define PACKAGE_NAME ""Cinv""
| #define PACKAGE_TARNAME "-cinv-"
| #define PACKAGE_VERSION "0.1"
| #define PACKAGE_STRING ""Cinv" 0.1"
| #define PACKAGE_BUGREPORT "verif@liafa.jussieu.fr"
| /* end confdefs.h.  */
| #include <ac_nonexistent.h>
configure:4178: checking for ANSI C header files
configure:4208: gcc -c -g -O2  conftest.c >&5
configure:4215: $? = 0
configure:4314: gcc -o conftest -g -O2   conftest.c  >&5
configure:4318: $? = 0
configure:4324: ./conftest
configure:4328: $? = 0
configure:4346: result: yes
configure:4370: checking for sys/types.h
configure:4391: gcc -c -g -O2  conftest.c >&5
configure:4398: $? = 0
configure:4415: result: yes
configure:4370: checking for sys/stat.h
configure:4391: gcc -c -g -O2  conftest.c >&5
configure:4398: $? = 0
configure:4415: result: yes
configure:4370: checking for stdlib.h
configure:4391: gcc -c -g -O2  conftest.c >&5
configure:4398: $? = 0
configure:4415: result: yes
configure:4370: checking for string.h
configure:4391: gcc -c -g -O2  conftest.c >&5
configure:4398: $? = 0
configure:4415: result: yes
configure:4370: checking for memory.h
configure:4391: gcc -c -g -O2  conftest.c >&5
configure:4398: $? = 0
configure:4415: result: yes
configure:4370: checking for strings.h
configure:4391: gcc -c -g -O2  conftest.c >&5
configure:4398: $? = 0
configure:4415: result: yes
configure:4370: checking for inttypes.h
configure:4391: gcc -c -g -O2  conftest.c >&5
configure:4398: $? = 0
configure:4415: result: yes
configure:4370: checking for stdint.h
configure:4391: gcc -c -g -O2  conftest.c >&5
configure:4398: $? = 0
configure:4415: result: yes
configure:4370: checking for unistd.h
configure:4391: gcc -c -g -O2  conftest.c >&5
configure:4398: $? = 0
configure:4415: result: yes
configure:4445: checking dlfcn.h usability
configure:4462: gcc -c -g -O2  conftest.c >&5
configure:4469: $? = 0
configure:4483: result: yes
configure:4487: checking dlfcn.h presence
configure:4502: gcc -E  conftest.c
configure:4509: $? = 0
configure:4523: result: yes
configure:4556: checking for dlfcn.h
configure:4565: result: yes
configure:4638: checking for g++
configure:4654: found /usr/bin/g++
configure:4665: result: g++
configure:4692: checking for C++ compiler version
configure:4700: g++ --version >&5
g++ (GCC) 4.3.2 20081105 (Red Hat 4.3.2-7)
Copyright (C) 2008 Free Software Foundation, Inc.
This is free software; see the source for copying conditions.  There is NO
warranty; not even for MERCHANTABILITY or FITNESS FOR A PARTICULAR PURPOSE.

configure:4704: $? = 0
configure:4711: g++ -v >&5
Using built-in specs.
Target: i386-redhat-linux
Configured with: ../configure --prefix=/usr --mandir=/usr/share/man --infodir=/usr/share/info --with-bugurl=http://bugzilla.redhat.com/bugzilla --enable-bootstrap --enable-shared --enable-threads=posix --enable-checking=release --with-system-zlib --enable-__cxa_atexit --disable-libunwind-exceptions --enable-languages=c,c++,objc,obj-c++,java,fortran,ada --enable-java-awt=gtk --disable-dssi --enable-plugin --with-java-home=/usr/lib/jvm/java-1.5.0-gcj-1.5.0.0/jre --enable-libgcj-multifile --enable-java-maintainer-mode --with-ecj-jar=/usr/share/java/eclipse-ecj.jar --disable-libjava-multilib --with-cpu=generic --build=i386-redhat-linux
Thread model: posix
gcc version 4.3.2 20081105 (Red Hat 4.3.2-7) (GCC) 
configure:4715: $? = 0
configure:4722: g++ -V >&5
g++: '-V' option must have argument
configure:4726: $? = 1
configure:4729: checking whether we are using the GNU C++ compiler
configure:4758: g++ -c   conftest.cpp >&5
configure:4765: $? = 0
configure:4782: result: yes
configure:4791: checking whether g++ accepts -g
configure:4821: g++ -c -g  conftest.cpp >&5
configure:4828: $? = 0
configure:4929: result: yes
configure:4962: checking how to run the C++ preprocessor
configure:4998: g++ -E  conftest.cpp
configure:5005: $? = 0
configure:5036: g++ -E  conftest.cpp
conftest.cpp:19:28: error: ac_nonexistent.h: No such file or directory
configure:5043: $? = 1
configure: failed program was:
| /* confdefs.h.  */
| #define PACKAGE_NAME ""Cinv""
| #define PACKAGE_TARNAME "-cinv-"
| #define PACKAGE_VERSION "0.1"
| #define PACKAGE_STRING ""Cinv" 0.1"
| #define PACKAGE_BUGREPORT "verif@liafa.jussieu.fr"
| #define STDC_HEADERS 1
| #define HAVE_SYS_TYPES_H 1
| #define HAVE_SYS_STAT_H 1
| #define HAVE_STDLIB_H 1
| #define HAVE_STRING_H 1
| #define HAVE_MEMORY_H 1
| #define HAVE_STRINGS_H 1
| #define HAVE_INTTYPES_H 1
| #define HAVE_STDINT_H 1
| #define HAVE_UNISTD_H 1
| #define HAVE_DLFCN_H 1
| /* end confdefs.h.  */
| #include <ac_nonexistent.h>
configure:5076: result: g++ -E
configure:5105: g++ -E  conftest.cpp
configure:5112: $? = 0
configure:5143: g++ -E  conftest.cpp
conftest.cpp:19:28: error: ac_nonexistent.h: No such file or directory
configure:5150: $? = 1
configure: failed program was:
| /* confdefs.h.  */
| #define PACKAGE_NAME ""Cinv""
| #define PACKAGE_TARNAME "-cinv-"
| #define PACKAGE_VERSION "0.1"
| #define PACKAGE_STRING ""Cinv" 0.1"
| #define PACKAGE_BUGREPORT "verif@liafa.jussieu.fr"
| #define STDC_HEADERS 1
| #define HAVE_SYS_TYPES_H 1
| #define HAVE_SYS_STAT_H 1
| #define HAVE_STDLIB_H 1
| #define HAVE_STRING_H 1
| #define HAVE_MEMORY_H 1
| #define HAVE_STRINGS_H 1
| #define HAVE_INTTYPES_H 1
| #define HAVE_STDINT_H 1
| #define HAVE_UNISTD_H 1
| #define HAVE_DLFCN_H 1
| /* end confdefs.h.  */
| #include <ac_nonexistent.h>
configure:5245: checking for g77
configure:5275: result: no
configure:5245: checking for xlf
configure:5275: result: no
configure:5245: checking for f77
configure:5275: result: no
configure:5245: checking for frt
configure:5275: result: no
configure:5245: checking for pgf77
configure:5275: result: no
configure:5245: checking for cf77
configure:5275: result: no
configure:5245: checking for fort77
configure:5275: result: no
configure:5245: checking for fl32
configure:5275: result: no
configure:5245: checking for af77
configure:5275: result: no
configure:5245: checking for xlf90
configure:5275: result: no
configure:5245: checking for f90
configure:5275: result: no
configure:5245: checking for pgf90
configure:5275: result: no
configure:5245: checking for pghpf
configure:5275: result: no
configure:5245: checking for epcf90
configure:5275: result: no
configure:5245: checking for gfortran
configure:5261: found /usr/bin/gfortran
configure:5272: result: gfortran
configure:5298: checking for Fortran 77 compiler version
configure:5306: gfortran --version >&5
GNU Fortran (GCC) 4.3.2 20081105 (Red Hat 4.3.2-7)
Copyright (C) 2008 Free Software Foundation, Inc.

GNU Fortran comes with NO WARRANTY, to the extent permitted by law.
You may redistribute copies of GNU Fortran
under the terms of the GNU General Public License.
For more information about these matters, see the file named COPYING

configure:5310: $? = 0
configure:5317: gfortran -v >&5
Using built-in specs.
Target: i386-redhat-linux
Configured with: ../configure --prefix=/usr --mandir=/usr/share/man --infodir=/usr/share/info --with-bugurl=http://bugzilla.redhat.com/bugzilla --enable-bootstrap --enable-shared --enable-threads=posix --enable-checking=release --with-system-zlib --enable-__cxa_atexit --disable-libunwind-exceptions --enable-languages=c,c++,objc,obj-c++,java,fortran,ada --enable-java-awt=gtk --disable-dssi --enable-plugin --with-java-home=/usr/lib/jvm/java-1.5.0-gcj-1.5.0.0/jre --enable-libgcj-multifile --enable-java-maintainer-mode --with-ecj-jar=/usr/share/java/eclipse-ecj.jar --disable-libjava-multilib --with-cpu=generic --build=i386-redhat-linux
Thread model: posix
gcc version 4.3.2 20081105 (Red Hat 4.3.2-7) (GCC) 
configure:5321: $? = 0
configure:5328: gfortran -V >&5
gfortran: '-V' option must have argument
configure:5332: $? = 1
configure:5340: checking whether we are using the GNU Fortran 77 compiler
configure:5359: gfortran -c  conftest.F >&5
configure:5366: $? = 0
configure:5383: result: yes
configure:5389: checking whether gfortran accepts -g
configure:5406: gfortran -c -g conftest.f >&5
configure:5413: $? = 0
configure:5429: result: yes
configure:5463: checking the maximum length of command line arguments
configure:5572: result: 32768
configure:5583: checking command to parse /usr/bin/nm -B output from gcc object
configure:5688: gcc -c -g -O2  conftest.c >&5
configure:5691: $? = 0
configure:5695: /usr/bin/nm -B conftest.o \| sed -n -e 's/^.*[ 	]\([ABCDGIRSTW][ABCDGIRSTW]*\)[ 	][ 	]*\([_A-Za-z][_A-Za-z0-9]*\)$/\1 \2 \2/p' \> conftest.nm
configure:5698: $? = 0
configure:5750: gcc -o conftest -g -O2   conftest.c conftstm.o >&5
configure:5753: $? = 0
configure:5791: result: ok
configure:5795: checking for objdir
configure:5810: result: .libs
configure:5902: checking for ar
configure:5918: found /usr/bin/ar
configure:5929: result: ar
configure:5994: checking for ranlib
configure:6010: found /usr/bin/ranlib
configure:6021: result: ranlib
configure:6086: checking for strip
configure:6102: found /usr/bin/strip
configure:6113: result: strip
configure:6395: checking if gcc supports -fno-rtti -fno-exceptions
configure:6413: gcc -c -g -O2  -fno-rtti -fno-exceptions conftest.c >&5
cc1: warning: command line option "-fno-rtti" is valid for C++/ObjC++ but not for C
configure:6417: $? = 0
configure:6430: result: no
configure:6445: checking for gcc option to produce PIC
configure:6655: result: -fPIC
configure:6663: checking if gcc PIC flag -fPIC works
configure:6681: gcc -c -g -O2  -fPIC -DPIC conftest.c >&5
configure:6685: $? = 0
configure:6698: result: yes
configure:6726: checking if gcc static flag -static works
configure:6754: result: yes
configure:6764: checking if gcc supports -c -o file.o
configure:6785: gcc -c -g -O2  -o out/conftest2.o conftest.c >&5
configure:6789: $? = 0
configure:6811: result: yes
configure:6837: checking whether the gcc linker (/usr/bin/ld) supports shared libraries
configure:7799: result: yes
configure:7820: checking whether -lc should be explicitly linked in
configure:7825: gcc -c -g -O2  conftest.c >&5
configure:7828: $? = 0
configure:7843: gcc -shared conftest.o  -v -Wl,-soname -Wl,conftest -o conftest 2\>\&1 \| grep  -lc  \>/dev/null 2\>\&1
configure:7846: $? = 0
configure:7858: result: no
configure:7866: checking dynamic linker characteristics
configure:8475: result: GNU/Linux ld.so
configure:8484: checking how to hardcode library paths into programs
configure:8509: result: immediate
configure:8523: checking whether stripping libraries is possible
configure:8528: result: yes
configure:9357: checking if libtool supports shared libraries
configure:9359: result: yes
configure:9362: checking whether to build shared libraries
configure:9383: result: yes
configure:9386: checking whether to build static libraries
configure:9390: result: yes
configure:9482: creating libtool
configure:10070: checking for ld used by g++
configure:10137: result: /usr/bin/ld
configure:10146: checking if the linker (/usr/bin/ld) is GNU ld
configure:10161: result: yes
configure:10212: checking whether the g++ linker (/usr/bin/ld) supports shared libraries
configure:11154: result: yes
configure:11172: g++ -c -g -O2  conftest.cpp >&5
configure:11175: $? = 0
configure:11294: checking for g++ option to produce PIC
configure:11568: result: -fPIC
configure:11576: checking if g++ PIC flag -fPIC works
configure:11594: g++ -c -g -O2  -fPIC -DPIC conftest.cpp >&5
configure:11598: $? = 0
configure:11611: result: yes
configure:11639: checking if g++ static flag -static works
configure:11667: result: yes
configure:11677: checking if g++ supports -c -o file.o
configure:11698: g++ -c -g -O2  -o out/conftest2.o conftest.cpp >&5
configure:11702: $? = 0
configure:11724: result: yes
configure:11750: checking whether the g++ linker (/usr/bin/ld) supports shared libraries
configure:11775: result: yes
configure:11842: checking dynamic linker characteristics
configure:12451: result: GNU/Linux ld.so
configure:12460: checking how to hardcode library paths into programs
configure:12485: result: immediate
configure:13011: checking if libtool supports shared libraries
configure:13013: result: yes
configure:13016: checking whether to build shared libraries
configure:13036: result: yes
configure:13039: checking whether to build static libraries
configure:13043: result: yes
configure:13053: checking for gfortran option to produce PIC
configure:13263: result: -fPIC
configure:13271: checking if gfortran PIC flag -fPIC works
configure:13289: gfortran -c -g -O2 -fPIC conftest.f >&5
configure:13293: $? = 0
configure:13306: result: yes
configure:13334: checking if gfortran static flag -static works
configure:13362: result: yes
configure:13372: checking if gfortran supports -c -o file.o
configure:13393: gfortran -c -g -O2 -o out/conftest2.o conftest.f >&5
configure:13397: $? = 0
configure:13419: result: yes
configure:13445: checking whether the gfortran linker (/usr/bin/ld) supports shared libraries
configure:14387: result: yes
configure:14454: checking dynamic linker characteristics
configure:15063: result: GNU/Linux ld.so
configure:15072: checking how to hardcode library paths into programs
configure:15097: result: immediate
configure:18701: checking executable suffix
configure:18709: result: <none>
configure:18723: checking for ocamlc
configure:18739: found /usr/bin/ocamlc
configure:18751: result: ocamlc
configure:18791: checking for ocamlopt
configure:18807: found /usr/bin/ocamlopt
configure:18819: result: ocamlopt
configure:18832: checking ocamlopt version
configure:18840: result: ok
configure:18849: checking for ocamldep
configure:18865: found /usr/bin/ocamldep
configure:18877: result: ocamldep
configure:18893: checking for ocamllex
configure:18909: found /usr/bin/ocamllex
configure:18921: result: ocamllex
configure:18936: checking for ocamllex.opt
configure:18952: found /usr/bin/ocamllex.opt
configure:18964: result: ocamllex.opt
configure:18979: checking for ocamlyacc
configure:18995: found /usr/bin/ocamlyacc
configure:19007: result: ocamlyacc
configure:19028: checking for aprontop
configure:19057: result: no
configure:19067: WARNING: Cannot find apron.
configure:19080: checking for interproc.opt
configure:19097: found /scratch/verif/src/interproc-dist/bin/interproc.opt
configure:19109: result: interproc.opt
configure:19147: checking for ANSI C header files
configure:19315: result: yes
configure:19330: checking for stdlib.h
configure:19337: result: yes
configure:19478: checking for stdbool.h that conforms to C99
configure:19573: gcc -c -g -O2  conftest.c >&5
configure:19580: $? = 0
configure:19595: result: yes
configure:19597: checking for _Bool
configure:19625: gcc -c -g -O2  conftest.c >&5
configure:19632: $? = 0
configure:19659: gcc -c -g -O2  conftest.c >&5
conftest.c: In function 'main':
conftest.c:57: error: expected expression before ')' token
configure:19666: $? = 1
configure: failed program was:
| /* confdefs.h.  */
| #define PACKAGE_NAME ""Cinv""
| #define PACKAGE_TARNAME "-cinv-"
| #define PACKAGE_VERSION "0.1"
| #define PACKAGE_STRING ""Cinv" 0.1"
| #define PACKAGE_BUGREPORT "verif@liafa.jussieu.fr"
| #define STDC_HEADERS 1
| #define HAVE_SYS_TYPES_H 1
| #define HAVE_SYS_STAT_H 1
| #define HAVE_STDLIB_H 1
| #define HAVE_STRING_H 1
| #define HAVE_MEMORY_H 1
| #define HAVE_STRINGS_H 1
| #define HAVE_INTTYPES_H 1
| #define HAVE_STDINT_H 1
| #define HAVE_UNISTD_H 1
| #define HAVE_DLFCN_H 1
| #define STDC_HEADERS 1
| #define HAVE_STDLIB_H 1
| /* end confdefs.h.  */
| #include <stdio.h>
| #ifdef HAVE_SYS_TYPES_H
| # include <sys/types.h>
| #endif
| #ifdef HAVE_SYS_STAT_H
| # include <sys/stat.h>
| #endif
| #ifdef STDC_HEADERS
| # include <stdlib.h>
| # include <stddef.h>
| #else
| # ifdef HAVE_STDLIB_H
| #  include <stdlib.h>
| # endif
| #endif
| #ifdef HAVE_STRING_H
| # if !defined STDC_HEADERS && defined HAVE_MEMORY_H
| #  include <memory.h>
| # endif
| # include <string.h>
| #endif
| #ifdef HAVE_STRINGS_H
| # include <strings.h>
| #endif
| #ifdef HAVE_INTTYPES_H
| # include <inttypes.h>
| #endif
| #ifdef HAVE_STDINT_H
| # include <stdint.h>
| #endif
| #ifdef HAVE_UNISTD_H
| # include <unistd.h>
| #endif
| int
| main ()
| {
| if (sizeof ((_Bool)))
| 	  return 0;
|   ;
|   return 0;
| }
configure:19689: result: yes
configure:19708: checking for an ANSI C-conforming const
configure:19783: gcc -c -g -O2  conftest.c >&5
configure:19790: $? = 0
configure:19805: result: yes
configure:19815: checking for inline
configure:19841: gcc -c -g -O2  conftest.c >&5
configure:19848: $? = 0
configure:19866: result: inline
configure:19885: checking for size_t
configure:19913: gcc -c -g -O2  conftest.c >&5
configure:19920: $? = 0
configure:19947: gcc -c -g -O2  conftest.c >&5
conftest.c: In function 'main':
conftest.c:59: error: expected expression before ')' token
configure:19954: $? = 1
configure: failed program was:
| /* confdefs.h.  */
| #define PACKAGE_NAME ""Cinv""
| #define PACKAGE_TARNAME "-cinv-"
| #define PACKAGE_VERSION "0.1"
| #define PACKAGE_STRING ""Cinv" 0.1"
| #define PACKAGE_BUGREPORT "verif@liafa.jussieu.fr"
| #define STDC_HEADERS 1
| #define HAVE_SYS_TYPES_H 1
| #define HAVE_SYS_STAT_H 1
| #define HAVE_STDLIB_H 1
| #define HAVE_STRING_H 1
| #define HAVE_MEMORY_H 1
| #define HAVE_STRINGS_H 1
| #define HAVE_INTTYPES_H 1
| #define HAVE_STDINT_H 1
| #define HAVE_UNISTD_H 1
| #define HAVE_DLFCN_H 1
| #define STDC_HEADERS 1
| #define HAVE_STDLIB_H 1
| #define HAVE__BOOL 1
| #define HAVE_STDBOOL_H 1
| /* end confdefs.h.  */
| #include <stdio.h>
| #ifdef HAVE_SYS_TYPES_H
| # include <sys/types.h>
| #endif
| #ifdef HAVE_SYS_STAT_H
| # include <sys/stat.h>
| #endif
| #ifdef STDC_HEADERS
| # include <stdlib.h>
| # include <stddef.h>
| #else
| # ifdef HAVE_STDLIB_H
| #  include <stdlib.h>
| # endif
| #endif
| #ifdef HAVE_STRING_H
| # if !defined STDC_HEADERS && defined HAVE_MEMORY_H
| #  include <memory.h>
| # endif
| # include <string.h>
| #endif
| #ifdef HAVE_STRINGS_H
| # include <strings.h>
| #endif
| #ifdef HAVE_INTTYPES_H
| # include <inttypes.h>
| #endif
| #ifdef HAVE_STDINT_H
| # include <stdint.h>
| #endif
| #ifdef HAVE_UNISTD_H
| # include <unistd.h>
| #endif
| int
| main ()
| {
| if (sizeof ((size_t)))
| 	  return 0;
|   ;
|   return 0;
| }
configure:19977: result: yes
configure:19996: checking for stdlib.h
configure:20003: result: yes
configure:20142: checking for GNU libc compatible malloc
configure:20176: gcc -o conftest -g -O2   conftest.c  >&5
configure:20180: $? = 0
configure:20186: ./conftest
configure:20190: $? = 0
configure:20207: result: yes
configure:20240: checking for stdlib.h
configure:20247: result: yes
configure:20386: checking for GNU libc compatible realloc
configure:20420: gcc -o conftest -g -O2   conftest.c  >&5
configure:20424: $? = 0
configure:20430: ./conftest
configure:20434: $? = 0
configure:20451: result: yes
configure:20608: creating ./config.status

## ---------------------- ##
## Running config.status. ##
## ---------------------- ##

This file was extended by Cinv config.status 0.1, which was
generated by GNU Autoconf 2.63.  Invocation command line was

  CONFIG_FILES    = 
  CONFIG_HEADERS  = 
  CONFIG_LINKS    = 
  CONFIG_COMMANDS = 
  $ ./config.status 

on calcul.liafa.jussieu.fr

config.status:772: creating Makefile
config.status:915: WARNING:  'Makefile.in' seems to ignore the --datarootdir setting
config.status:772: creating config.h
config.status:983: config.h is unchanged

## ---------------- ##
## Cache variables. ##
## ---------------- ##

ac_cv_build=i686-pc-linux-gnu
ac_cv_c_compiler_gnu=yes
ac_cv_c_const=yes
ac_cv_c_inline=inline
ac_cv_cxx_compiler_gnu=yes
ac_cv_env_CCC_set=
ac_cv_env_CCC_value=
ac_cv_env_CC_set=
ac_cv_env_CC_value=
ac_cv_env_CFLAGS_set=
ac_cv_env_CFLAGS_value=
ac_cv_env_CPPFLAGS_set=
ac_cv_env_CPPFLAGS_value=
ac_cv_env_CPP_set=
ac_cv_env_CPP_value=
ac_cv_env_CXXCPP_set=
ac_cv_env_CXXCPP_value=
ac_cv_env_CXXFLAGS_set=
ac_cv_env_CXXFLAGS_value=
ac_cv_env_CXX_set=
ac_cv_env_CXX_value=
ac_cv_env_F77_set=
ac_cv_env_F77_value=
ac_cv_env_FFLAGS_set=
ac_cv_env_FFLAGS_value=
ac_cv_env_LDFLAGS_set=
ac_cv_env_LDFLAGS_value=
ac_cv_env_LIBS_set=
ac_cv_env_LIBS_value=
ac_cv_env_build_alias_set=
ac_cv_env_build_alias_value=
ac_cv_env_host_alias_set=
ac_cv_env_host_alias_value=
ac_cv_env_target_alias_set=
ac_cv_env_target_alias_value=
ac_cv_f77_compiler_gnu=yes
ac_cv_func_malloc_0_nonnull=yes
ac_cv_func_realloc_0_nonnull=yes
ac_cv_header_dlfcn_h=yes
ac_cv_header_inttypes_h=yes
ac_cv_header_memory_h=yes
ac_cv_header_stdbool_h=yes
ac_cv_header_stdc=yes
ac_cv_header_stdint_h=yes
ac_cv_header_stdlib_h=yes
ac_cv_header_string_h=yes
ac_cv_header_strings_h=yes
ac_cv_header_sys_stat_h=yes
ac_cv_header_sys_types_h=yes
ac_cv_header_unistd_h=yes
ac_cv_host=i686-pc-linux-gnu
ac_cv_objext=o
ac_cv_path_EGREP='/bin/grep -E'
ac_cv_path_GREP=/bin/grep
ac_cv_prog_APRONC=no
ac_cv_prog_CPP='gcc -E'
ac_cv_prog_CXXCPP='g++ -E'
ac_cv_prog_IPC=interproc.opt
ac_cv_prog_OCAMLC=ocamlc
ac_cv_prog_OCAMLDEP=ocamldep
ac_cv_prog_OCAMLLEX=ocamllex
ac_cv_prog_OCAMLLEXDOTOPT=ocamllex.opt
ac_cv_prog_OCAMLOPT=ocamlopt
ac_cv_prog_OCAMLYACC=ocamlyacc
ac_cv_prog_ac_ct_AR=ar
ac_cv_prog_ac_ct_CC=gcc
ac_cv_prog_ac_ct_CXX=g++
ac_cv_prog_ac_ct_F77=gfortran
ac_cv_prog_ac_ct_RANLIB=ranlib
ac_cv_prog_ac_ct_STRIP=strip
ac_cv_prog_cc_c89=
ac_cv_prog_cc_g=yes
ac_cv_prog_cxx_g=yes
ac_cv_prog_f77_g=yes
ac_cv_type__Bool=yes
ac_cv_type_size_t=yes
lt_cv_deplibs_check_method=pass_all
lt_cv_file_magic_cmd='$MAGIC_CMD'
lt_cv_file_magic_test_file=
lt_cv_ld_reload_flag=-r
lt_cv_objdir=.libs
lt_cv_path_LD=/usr/bin/ld
lt_cv_path_LDCXX=/usr/bin/ld
lt_cv_path_NM='/usr/bin/nm -B'
lt_cv_path_SED=/bin/sed
lt_cv_prog_compiler_c_o=yes
lt_cv_prog_compiler_c_o_CXX=yes
lt_cv_prog_compiler_c_o_F77=yes
lt_cv_prog_compiler_rtti_exceptions=no
lt_cv_prog_gnu_ld=yes
lt_cv_prog_gnu_ldcxx=yes
lt_cv_sys_global_symbol_pipe='sed -n -e '\''s/^.*[ 	]\([ABCDGIRSTW][ABCDGIRSTW]*\)[ 	][ 	]*\([_A-Za-z][_A-Za-z0-9]*\)$/\1 \2 \2/p'\'''
lt_cv_sys_global_symbol_to_c_name_address='sed -n -e '\''s/^: \([^ ]*\) $/  {\"\1\", (lt_ptr) 0},/p'\'' -e '\''s/^[BCDEGRST] \([^ ]*\) \([^ ]*\)$/  {"\2", (lt_ptr) \&\2},/p'\'''
lt_cv_sys_global_symbol_to_cdecl='sed -n -e '\''s/^. .* \(.*\)$/extern int \1;/p'\'''
lt_cv_sys_max_cmd_len=32768
lt_lt_cv_prog_compiler_c_o='"yes"'
lt_lt_cv_prog_compiler_c_o_CXX='"yes"'
lt_lt_cv_prog_compiler_c_o_F77='"yes"'
lt_lt_cv_sys_global_symbol_pipe='"sed -n -e '\''s/^.*[ 	]\\([ABCDGIRSTW][ABCDGIRSTW]*\\)[ 	][ 	]*\\([_A-Za-z][_A-Za-z0-9]*\\)\$/\\1 \\2 \\2/p'\''"'
lt_lt_cv_sys_global_symbol_to_c_name_address='"sed -n -e '\''s/^: \\([^ ]*\\) \$/  {\\\"\\1\\\", (lt_ptr) 0},/p'\'' -e '\''s/^[BCDEGRST] \\([^ ]*\\) \\([^ ]*\\)\$/  {\"\\2\", (lt_ptr) \\&\\2},/p'\''"'
lt_lt_cv_sys_global_symbol_to_cdecl='"sed -n -e '\''s/^. .* \\(.*\\)\$/extern int \\1;/p'\''"'

## ----------------- ##
## Output variables. ##
## ----------------- ##

APRON='no'
APRONC='no'
APRONDIR='/scratch/verif/src/interproc-dist'
APRONLIB='/scratch/verif/src/interproc-dist/lib'
AR='ar'
CC='gcc'
CFLAGS='-g -O2'
CPP='gcc -E'
CPPFLAGS=''
CXX='g++'
CXXCPP='g++ -E'
CXXFLAGS='-g -O2'
DEFS='-DHAVE_CONFIG_H'
ECHO='echo'
ECHO_C=''
ECHO_N='-n'
ECHO_T=''
EGREP='/bin/grep -E'
EXE=''
EXEEXT=''
F77='gfortran'
FFLAGS='-g -O2'
GREP='/bin/grep'
IP='yes'
IPC='interproc.opt'
IPDIR='/scratch/verif/src/interproc-dist'
IPLIB='/scratch/verif/src/interproc-dist/lib'
LDFLAGS=''
LIBOBJS=''
LIBS=''
LIBTOOL='$(SHELL) $(top_builddir)/libtool'
LN_S='ln -s'
LTLIBOBJS=''
OBJEXT='o'
OCAMLBEST='opt'
OCAMLC='ocamlc'
OCAMLDEP='ocamldep'
OCAMLLEX='ocamllex.opt'
OCAMLLEXDOTOPT='ocamllex.opt'
OCAMLLIB='/usr/lib/ocaml'
OCAMLOPT='ocamlopt'
OCAMLV=''
OCAMLVERSION='3.10.2'
OCAMLYACC='ocamlyacc'
PACKAGE_BUGREPORT='verif@liafa.jussieu.fr'
PACKAGE_NAME='"Cinv"'
PACKAGE_STRING='"Cinv" 0.1'
PACKAGE_TARNAME='-cinv-'
PACKAGE_VERSION='0.1'
PATH_SEPARATOR=':'
RANLIB='ranlib'
SED='/bin/sed'
SHELL='/bin/sh'
STRIP='strip'
VERBOSEMAKE='no'
ac_ct_CC='gcc'
ac_ct_CXX='g++'
ac_ct_F77='gfortran'
bindir='${exec_prefix}/bin'
build='i686-pc-linux-gnu'
build_alias=''
build_cpu='i686'
build_os='linux-gnu'
build_vendor='pc'
datadir='${datarootdir}'
datarootdir='${prefix}/share'
docdir='${datarootdir}/doc/${PACKAGE_TARNAME}'
dvidir='${docdir}'
exec_prefix='${prefix}'
host='i686-pc-linux-gnu'
host_alias=''
host_cpu='i686'
host_os='linux-gnu'
host_vendor='pc'
htmldir='${docdir}'
includedir='${prefix}/include'
infodir='${datarootdir}/info'
libdir='${exec_prefix}/lib'
libexecdir='${exec_prefix}/libexec'
localedir='${datarootdir}/locale'
localstatedir='${prefix}/var'
mandir='${datarootdir}/man'
oldincludedir='/usr/include'
pdfdir='${docdir}'
prefix='/usr/local'
program_transform_name='s,x,x,'
psdir='${docdir}'
sbindir='${exec_prefix}/sbin'
sharedstatedir='${prefix}/com'
sysconfdir='${prefix}/etc'
target_alias=''

## ----------- ##
## confdefs.h. ##
## ----------- ##

#define PACKAGE_NAME ""Cinv""
#define PACKAGE_TARNAME "-cinv-"
#define PACKAGE_VERSION "0.1"
#define PACKAGE_STRING ""Cinv" 0.1"
#define PACKAGE_BUGREPORT "verif@liafa.jussieu.fr"
#define STDC_HEADERS 1
#define HAVE_SYS_TYPES_H 1
#define HAVE_SYS_STAT_H 1
#define HAVE_STDLIB_H 1
#define HAVE_STRING_H 1
#define HAVE_MEMORY_H 1
#define HAVE_STRINGS_H 1
#define HAVE_INTTYPES_H 1
#define HAVE_STDINT_H 1
#define HAVE_UNISTD_H 1
#define HAVE_DLFCN_H 1
#define STDC_HEADERS 1
#define HAVE_STDLIB_H 1
#define HAVE__BOOL 1
#define HAVE_STDBOOL_H 1
#define HAVE_STDLIB_H 1
#define HAVE_MALLOC 1
#define HAVE_STDLIB_H 1
#define HAVE_REALLOC 1

configure: exit 0
